Added Component: Designator=J?(MOLEX_39-30-1039)
Add component (AddParameter): Name = "Availability"; Value = "Unavailable"; VariantName = "[No Variations]"
Add component (AddParameter): Name = "MF"; Value = "Molex"; VariantName = "[No Variations]"
Add component (AddParameter): Name = "MP"; Value = "39301039"; VariantName = "[No Variations]"
Add component (AddParameter): Name = "Package"; Value = "None"; VariantName = "[No Variations]"
Add component (AddParameter): Name = "Price"; Value = "None"; VariantName = "[No Variations]"
Add component (AddParameter): Name = "SnapEDA_Link"; Value = "https://www.snapeda.com/parts/39301039/Molex/view-part/1160208/?ref=snap"; VariantName = "[No Variations]"
Add component (AddParameter): Name = "Value"; Value = ""; VariantName = "[No Variations]"
Added Member To Class: ClassName=connectors Member=Component J? A-DF_09_A/KG-T2S
Added Member To Class: ClassName=connectors Member=Component J? A-DF_09_A/KG-T2S
Added Member To Class: ClassName=connectors Member=Component J? 39-30-1039
Added Member To Class: ClassName=connectors Member=Component J? 39-30-1039
Added Member To Class: ClassName=connectors Member=Component J? 39-30-1039
Added Member To Class: ClassName=connectors Member=Component J? 0026013115
Added Member To Class: ClassName=connectors Member=Component J? 39-30-1039
Added Member To Class: ClassName=connectors Member=Component J? 0026013115
Added Member To Class: ClassName=connectors Member=Component J? 39-30-1039
Added Member To Class: ClassName=connectors Member=Component J? A-DF_09_A/KG-T2S
Added Member To Class: ClassName=connectors Member=Component J? 39-30-1039
Added Member To Class: ClassName=connectors Member=Component J? 39-30-1039
Added Member To Class: ClassName=connectors Member=Component J? 0026013115
Added Member To Class: ClassName=connectors Member=Component J? 0026013115
Added Member To Class: ClassName=connectors Member=Component J? 39-30-1039
Added Member To Class: ClassName=connectors Member=Component J? 39-30-1039
Added Member To Class: ClassName=connectors Member=Component J? 39-30-1039
Added Member To Class: ClassName=connectors Member=Component J? 39-30-1039
Added Member To Class: ClassName=connectors Member=Component J? SSW-135-01-T-D
Added Member To Class: ClassName=connectors Member=Component J? 0026013115
Added Member To Class: ClassName=connectors Member=Component J? 39-30-1039
Added Member To Class: ClassName=connectors Member=Component J? 39-30-1039
Added Member To Class: ClassName=connectors Member=Component J? 39-30-1039
Added Member To Class: ClassName=connectors Member=Component J? 39-30-1039
Added Member To Class: ClassName=connectors Member=Component J? 39-30-1039
Added Member To Class: ClassName=connectors Member=Component J? 39-30-1039
Added Member To Class: ClassName=connectors Member=Component J? 39-30-1039
Added Member To Class: ClassName=connectors Member=Component J? 39-30-1039
Added Member To Class: ClassName=connectors Member=Component J? 0026013115
Added Member To Class: ClassName=connectors Member=Component J? 0026013115
Added Member To Class: ClassName=connectors Member=Component J? 0026013115
Added Member To Class: ClassName=connectors Member=Component J? 0026013115
Added Member To Class: ClassName=connectors Member=Component J? 39-30-1039
Added Member To Class: ClassName=connectors Member=Component J? 39-30-1039
Added Member To Class: ClassName=connectors Member=Component J? SSW-135-01-T-D
Added Member To Class: ClassName=connectors Member=Component J? 0026013115
Added Member To Class: ClassName=connectors Member=Component J? 39-30-1039
Added Room: Name=connectors
